c:\users\scott\documents\github\team-abstract-giraffe-mfp\mfp\debug\vc120.pdb
c:\users\scott\documents\github\team-abstract-giraffe-mfp\mfp\debug\vc120.idb
c:\users\scott\documents\github\team-abstract-giraffe-mfp\mfp\debug\connection.obj
c:\users\scott\documents\github\team-abstract-giraffe-mfp\mfp\debug\controlpanel.obj
c:\users\scott\documents\github\team-abstract-giraffe-mfp\mfp\debug\job.obj
c:\users\scott\documents\github\team-abstract-giraffe-mfp\mfp\debug\jobcontroller.obj
c:\users\scott\documents\github\team-abstract-giraffe-mfp\mfp\debug\main.obj
c:\users\scott\documents\github\team-abstract-giraffe-mfp\mfp\debug\mfp.obj
c:\users\scott\documents\github\team-abstract-giraffe-mfp\mfp\debug\modem.obj
c:\users\scott\documents\github\team-abstract-giraffe-mfp\mfp\debug\network.obj
c:\users\scott\documents\github\team-abstract-giraffe-mfp\mfp\debug\papertray.obj
c:\users\scott\documents\github\team-abstract-giraffe-mfp\mfp\debug\printengine.obj
c:\users\scott\documents\github\team-abstract-giraffe-mfp\mfp\debug\scanner.obj
c:\users\scott\documents\github\team-abstract-giraffe-mfp\mfp\debug\inputdevice.obj
c:\users\scott\documents\github\team-abstract-giraffe-mfp\mfp\debug\mfp.ilk
c:\users\scott\documents\github\team-abstract-giraffe-mfp\mfp\debug\mfp.exe
c:\users\scott\documents\github\team-abstract-giraffe-mfp\mfp\debug\mfp.pdb
c:\users\scott\documents\github\team-abstract-giraffe-mfp\mfp\debug\mfp.tlog\cl.command.1.tlog
c:\users\scott\documents\github\team-abstract-giraffe-mfp\mfp\debug\mfp.tlog\cl.read.1.tlog
c:\users\scott\documents\github\team-abstract-giraffe-mfp\mfp\debug\mfp.tlog\cl.write.1.tlog
c:\users\scott\documents\github\team-abstract-giraffe-mfp\mfp\debug\mfp.tlog\link.command.1.tlog
c:\users\scott\documents\github\team-abstract-giraffe-mfp\mfp\debug\mfp.tlog\link.read.1.tlog
c:\users\scott\documents\github\team-abstract-giraffe-mfp\mfp\debug\mfp.tlog\link.write.1.tlog
